<?xml version="1.0" encoding="UTF-8" ?>
<testsuite tests="37" failures="0" name="br.ce.wcaquino.runners.RunnerTest" time="0.456" errors="0" skipped="7">
  <properties>
    <property name="java.runtime.name" value="Java(TM) SE Runtime Environment"/>
    <property name="cucumber.options" value="src/test/resources/features/aprender_cucumber.feature"/>
    <property name="sun.boot.library.path" value="C:\Program Files\Java\jdk1.8.0_261\jre\bin"/>
    <property name="java.vm.version" value="25.261-b12"/>
    <property name="java.vm.vendor" value="Oracle Corporation"/>
    <property name="maven.multiModuleProjectDirectory" value="C:\Users\Testing Company\eclipse-workspace\CursoCucumber2020"/>
    <property name="java.vendor.url" value="http://java.oracle.com/"/>
    <property name="path.separator" value=";"/>
    <property name="guice.disable.misplaced.annotation.check" value="true"/>
    <property name="java.vm.name" value="Java HotSpot(TM) 64-Bit Server VM"/>
    <property name="file.encoding.pkg" value="sun.io"/>
    <property name="user.script" value=""/>
    <property name="user.country" value="BR"/>
    <property name="sun.java.launcher" value="SUN_STANDARD"/>
    <property name="sun.os.patch.level" value=""/>
    <property name="java.vm.specification.name" value="Java Virtual Machine Specification"/>
    <property name="user.dir" value="C:\Users\Testing Company\eclipse-workspace\CursoCucumber2020"/>
    <property name="java.runtime.version" value="1.8.0_261-b12"/>
    <property name="java.awt.graphicsenv" value="sun.awt.Win32GraphicsEnvironment"/>
    <property name="java.endorsed.dirs" value="C:\Program Files\Java\jdk1.8.0_261\jre\lib\endorsed"/>
    <property name="os.arch" value="amd64"/>
    <property name="java.io.tmpdir" value="C:\Users\TESTIN~1\AppData\Local\Temp\"/>
    <property name="line.separator" value="
"/>
    <property name="java.vm.specification.vendor" value="Oracle Corporation"/>
    <property name="user.variant" value=""/>
    <property name="os.name" value="Windows 10"/>
    <property name="classworlds.conf" value="C:\apache-maven-3.6.3\bin\..\bin\m2.conf"/>
    <property name="sun.jnu.encoding" value="Cp1252"/>
    <property name="java.library.path" value="C:\Program Files\Java\jdk1.8.0_261\bin;C:\WINDOWS\Sun\Java\bin;C:\WINDOWS\system32;C:\WINDOWS;C:\apache-maven-3.6.3\bin;C:\Users\Testing Company\AppData\Local\Android\Sdk\tools;C:\Users\Testing Company\AppData\Local\Android\Sdk\tools\bin;C:\Users\Testing Company\AppData\Local\Android\Sdk\platform-tools;C:\Program Files\Java\jdk1.8.0_261\bin;C:\Program Files (x86)\Common Files\Oracle\Java\javapath&quot;;C:\WINDOWS\system32;C:\WINDOWS;C:\WINDOWS\System32\Wbem;C:\WINDOWS\System32\WindowsPowerShell\v1.0\;C:\WINDOWS\System32\OpenSSH\;C:\Program Files\Git\cmd;C:\Program Files\Git\mingw64\bin;C:\Program Files\Git\usr\bin;C:\Users\Testing Company\AppData\Local\Microsoft\WindowsApps;;."/>
    <property name="maven.conf" value="C:\apache-maven-3.6.3\bin\../conf"/>
    <property name="java.specification.name" value="Java Platform API Specification"/>
    <property name="java.class.version" value="52.0"/>
    <property name="sun.management.compiler" value="HotSpot 64-Bit Tiered Compilers"/>
    <property name="os.version" value="10.0"/>
    <property name="library.jansi.path" value="C:\apache-maven-3.6.3\bin\..\lib\jansi-native"/>
    <property name="user.home" value="C:\Users\Testing Company"/>
    <property name="user.timezone" value="America/Sao_Paulo"/>
    <property name="java.awt.printerjob" value="sun.awt.windows.WPrinterJob"/>
    <property name="java.specification.version" value="1.8"/>
    <property name="file.encoding" value="Cp1252"/>
    <property name="user.name" value="Testing Company"/>
    <property name="java.class.path" value="C:\apache-maven-3.6.3\bin\..\boot\plexus-classworlds-2.6.0.jar"/>
    <property name="java.vm.specification.version" value="1.8"/>
    <property name="sun.arch.data.model" value="64"/>
    <property name="java.home" value="C:\Program Files\Java\jdk1.8.0_261\jre"/>
    <property name="sun.java.command" value="org.codehaus.plexus.classworlds.launcher.Launcher test -Dcucumber.options=src/test/resources/features/aprender_cucumber.feature"/>
    <property name="java.specification.vendor" value="Oracle Corporation"/>
    <property name="user.language" value="pt"/>
    <property name="awt.toolkit" value="sun.awt.windows.WToolkit"/>
    <property name="java.vm.info" value="mixed mode"/>
    <property name="java.version" value="1.8.0_261"/>
    <property name="java.ext.dirs" value="C:\Program Files\Java\jdk1.8.0_261\jre\lib\ext;C:\WINDOWS\Sun\Java\lib\ext"/>
    <property name="sun.boot.class.path" value="C:\Program Files\Java\jdk1.8.0_261\jre\lib\resources.jar;C:\Program Files\Java\jdk1.8.0_261\jre\lib\rt.jar;C:\Program Files\Java\jdk1.8.0_261\jre\lib\sunrsasign.jar;C:\Program Files\Java\jdk1.8.0_261\jre\lib\jsse.jar;C:\Program Files\Java\jdk1.8.0_261\jre\lib\jce.jar;C:\Program Files\Java\jdk1.8.0_261\jre\lib\charsets.jar;C:\Program Files\Java\jdk1.8.0_261\jre\lib\jfr.jar;C:\Program Files\Java\jdk1.8.0_261\jre\classes"/>
    <property name="sun.stderr.encoding" value="cp850"/>
    <property name="java.vendor" value="Oracle Corporation"/>
    <property name="maven.home" value="C:\apache-maven-3.6.3\bin\.."/>
    <property name="file.separator" value="\"/>
    <property name="java.vendor.url.bug" value="http://bugreport.sun.com/bugreport/"/>
    <property name="sun.cpu.endian" value="little"/>
    <property name="sun.io.unicode.encoding" value="UnicodeLittle"/>
    <property name="sun.stdout.encoding" value="cp850"/>
    <property name="sun.desktop" value="windows"/>
    <property name="sun.cpu.isalist" value="amd64"/>
  </properties>
  <testcase classname="Cenario: Deve executar especificacao" name="Dado que criei o arquivo corretamente" time="0.005"/>
  <testcase classname="Cenario: Deve executar especificacao" name="Quando executa-lo" time="0"/>
  <testcase classname="Cenario: Deve executar especificacao" name="Entao a especificacao deve finalizar com sucesso" time="0"/>
  <testcase classname="Cenario: Deve executar especificacao" name="Cenario: Deve executar especificacao" time="0.001"/>
  <testcase classname="Cenario: Deve incrementar contador" name="Dado que o valor do contador e 15" time="0"/>
  <testcase classname="Cenario: Deve incrementar contador" name="Quando eu incrementar em 3" time="0"/>
  <testcase classname="Cenario: Deve incrementar contador" name="Entao o valor do contador sera 18" time="0"/>
  <testcase classname="Cenario: Deve incrementar contador" name="Cenario: Deve incrementar contador" time="0.004"/>
  <testcase classname="Cenario: Deve calcular atraso na entrega" name="Dado que a entrega e dia 05/04/2021" time="0"/>
  <testcase classname="Cenario: Deve calcular atraso na entrega" name="Quando a entrega atrasa em 2 dias" time="0"/>
  <testcase classname="Cenario: Deve calcular atraso na entrega" name="Entao a entrega sera efetuada em 07/04/2021" time="0"/>
  <testcase classname="Cenario: Deve calcular atraso na entrega" name="Cenario: Deve calcular atraso na entrega" time="0.001"/>
  <testcase classname="Cenario: Deve calcular atraso na entrega da china" name="Dado que a entrega e dia 06/04/2021" time="0"/>
  <testcase classname="Cenario: Deve calcular atraso na entrega da china" name="Quando a entrega atrasa em 2 meses" time="0"/>
  <testcase classname="Cenario: Deve calcular atraso na entrega da china" name="Entao a entrega sera efetuada em 06/06/2021" time="0"/>
  <testcase classname="Cenario: Deve calcular atraso na entrega da china" name="Cenario: Deve calcular atraso na entrega da china" time="0"/>
  <testcase classname="Cenario: Deve criar steps genericos para estes passos" name="* que o ticket e AF345" time="0"/>
  <testcase classname="Cenario: Deve criar steps genericos para estes passos" name="* que o valor da passagem e R$ 230,45" time="0"/>
  <testcase classname="Cenario: Deve criar steps genericos para estes passos" name="* que o nome do passageiro e &quot;Fulano da Silva&quot;" time="0"/>
  <testcase classname="Cenario: Deve criar steps genericos para estes passos" name="* que o telefone do passageiro e 9999-9999" time="0"/>
  <testcase classname="Cenario: Deve criar steps genericos para estes passos" name="* criar os steps" time="0"/>
  <testcase classname="Cenario: Deve criar steps genericos para estes passos" name="* o teste vai funcionar" time="0"/>
  <testcase classname="Cenario: Deve criar steps genericos para estes passos" name="Cenario: Deve criar steps genericos para estes passos" time="0"/>
  <testcase classname="Cenario: Deve reaproveitar os steps &quot;Dado&quot; do cenario anterior" name="Dado que o ticket e AF345" time="0"/>
  <testcase classname="Cenario: Deve reaproveitar os steps &quot;Dado&quot; do cenario anterior" name="Dado que o ticket especial e AB167" time="0"/>
  <testcase classname="Cenario: Deve reaproveitar os steps &quot;Dado&quot; do cenario anterior" name="Dado que o valor da passagem e R$ 1120,23" time="0"/>
  <testcase classname="Cenario: Deve reaproveitar os steps &quot;Dado&quot; do cenario anterior" name="Dado que o nome do passageiro e &quot;Cicrano de Oliveira&quot;" time="0"/>
  <testcase classname="Cenario: Deve reaproveitar os steps &quot;Dado&quot; do cenario anterior" name="Dado que o telefone do passageiro e 9888-8888" time="0"/>
  <testcase classname="Cenario: Deve reaproveitar os steps &quot;Dado&quot; do cenario anterior" name="Cenario: Deve reaproveitar os steps &quot;Dado&quot; do cenario anterior" time="0"/>
  <testcase classname="Cenario: Deve negar todos os steps &quot;Dado&quot; dos cenarios anteriores" name="Dado que o ticket e CD123" time="0.052">
    <skipped/>
    <system-out>
  Cenario: Deve reaproveitar os steps &quot;Dado&quot; do cenario anterior &amp;#27;[90m# src/test/resources/features/aprender_cucumber.feature:42&amp;#27;[0m
    &amp;#27;[32mDado &amp;#27;[0m&amp;#27;[32mque o ticket e &amp;#27;[0m&amp;#27;[32m&amp;#27;[1mAF345&amp;#27;[0m                                    &amp;#27;[90m# AprenderCucumberSteps.queOTicketEAF(String,String)&amp;#27;[0m
    &amp;#27;[32mDado &amp;#27;[0m&amp;#27;[32mque o ticket&amp;#27;[0m&amp;#27;[32m&amp;#27;[1m especial&amp;#27;[0m&amp;#27;[32m e &amp;#27;[0m&amp;#27;[32m&amp;#27;[1mAB167&amp;#27;[0m                           &amp;#27;[90m# AprenderCucumberSteps.queOTicketEAF(String,String)&amp;#27;[0m
    &amp;#27;[32mDado &amp;#27;[0m&amp;#27;[32mque o valor da passagem e R$ &amp;#27;[0m&amp;#27;[32m&amp;#27;[1m1120,23&amp;#27;[0m                    &amp;#27;[90m# AprenderCucumberSteps.queOValorDaPassagemER$(Double)&amp;#27;[0m
    &amp;#27;[32mDado &amp;#27;[0m&amp;#27;[32mque o nome do passageiro e &quot;&amp;#27;[0m&amp;#27;[32m&amp;#27;[1mCicrano de Oliveira&amp;#27;[0m&amp;#27;[32m&quot;&amp;#27;[0m        &amp;#27;[90m# AprenderCucumberSteps.queONomeDoPassageiroE(String)&amp;#27;[0m
    &amp;#27;[32mDado &amp;#27;[0m&amp;#27;[32mque o telefone do passageiro e &amp;#27;[0m&amp;#27;[32m&amp;#27;[1m9888-8888&amp;#27;[0m                &amp;#27;[90m# AprenderCucumberSteps.queOTelefoneDoPassageiroE(String)&amp;#27;[0m
</system-out>
  </testcase>
  <testcase classname="Cenario: Deve negar todos os steps &quot;Dado&quot; dos cenarios anteriores" name="Dado que o ticket e AG1234" time="0.052">
    <skipped/>
  </testcase>
  <testcase classname="Cenario: Deve negar todos os steps &quot;Dado&quot; dos cenarios anteriores" name="Dado que o valor da passagem e R$ 1.1345,56" time="0.052">
    <skipped/>
  </testcase>
  <testcase classname="Cenario: Deve negar todos os steps &quot;Dado&quot; dos cenarios anteriores" name="Dado que o nome do passageiro e &quot;Beltrano Souza Matos de Alc�ntara Azevedo&quot;" time="0.057">
    <skipped/>
  </testcase>
  <testcase classname="Cenario: Deve negar todos os steps &quot;Dado&quot; dos cenarios anteriores" name="Dado que o telefone do passageiro e 1234-5678" time="0.057">
    <skipped/>
  </testcase>
  <testcase classname="Cenario: Deve negar todos os steps &quot;Dado&quot; dos cenarios anteriores" name="Dado que o telefone do passageiro e 999-2223" time="0.057">
    <skipped/>
  </testcase>
  <testcase classname="Cenario: Deve negar todos os steps &quot;Dado&quot; dos cenarios anteriores" name="Cenario: Deve negar todos os steps &quot;Dado&quot; dos cenarios anteriores" time="0.059">
    <skipped/>
  </testcase>
  <testcase classname="Cenario: Deve negar todos os steps &quot;Dado&quot; dos cenarios anteriores" name="Cenario: Deve negar todos os steps &quot;Dado&quot; dos cenarios anteriores" time="0.059"/>
</testsuite>